
[1m[37m===[39m Deploying to 'meus-medicamentos-94500'...[22m

[36m[1mi [22m[39m deploying [1mfunctions[22m
[36m[1mi  functions:[22m[39m preparing codebase [1mdefault[22m for deployment
[36m[1mi  functions:[22m[39m ensuring required API [1mcloudfunctions.googleapis.com[22m is enabled...
[36m[1mi  functions:[22m[39m ensuring required API [1mcloudbuild.googleapis.com[22m is enabled...
[36m[1mi  artifactregistry:[22m[39m ensuring required API [1martifactregistry.googleapis.com[22m is enabled...
[36m[1mi  functions:[22m[39m Loading and analyzing source code for codebase default to determine what to deploy
Serving at port 8088

[36m[1mi  extensions:[22m[39m ensuring required API [1mfirebaseextensions.googleapis.com[22m is enabled...
[36m[1mi  functions:[22m[39m preparing [1mfunctions[22m directory for uploading...
[36m[1mi [22m[39m [36m[1mfunctions:[22m[39m packaged [1mD:\Projetos\certo\meus-medicamentos\functions[22m (101.08 KB) for uploading
[36m[1mi [22m[39m [36m[1mfunctions:[22m[39m packaged [1mD:\Projetos\certo\meus-medicamentos\functions[22m (101.08 KB) for uploading
[36m[1mi  functions:[22m[39m ensuring required API [1mrun.googleapis.com[22m is enabled...
[36m[1mi  functions:[22m[39m ensuring required API [1meventarc.googleapis.com[22m is enabled...
[36m[1mi  functions:[22m[39m ensuring required API [1mpubsub.googleapis.com[22m is enabled...
[36m[1mi  functions:[22m[39m ensuring required API [1mstorage.googleapis.com[22m is enabled...
[33m[1m!  functions:[22m[39m missing required API [1meventarc.googleapis.com[22m. Enabling now...
[32m[1m+  functions:[22m[39m required API [1mpubsub.googleapis.com[22m is enabled
[32m[1m+  functions:[22m[39m required API [1mrun.googleapis.com[22m is enabled
[32m[1m+  functions:[22m[39m required API [1mstorage.googleapis.com[22m is enabled
[36m[1mi  functions:[22m[39m generating the service identity for [1mpubsub.googleapis.com[22m...
[36m[1mi  functions:[22m[39m generating the service identity for [1meventarc.googleapis.com[22m...
[32m[1m+  functions:[22m[39m [1mfunctions[22m source uploaded successfully
[36m[1mi  functions:[22m[39m creating Node.js 24 (2nd Gen) function [1msetAdmin(southamerica-east1)[22m...
[36m[1mi  functions:[22m[39m creating Node.js 24 (2nd Gen) function [1mapproveUser(southamerica-east1)[22m...
[36m[1mi  functions:[22m[39m creating Node.js 24 (2nd Gen) function [1mjoinFamilyByInviteCode(southamerica-east1)[22m...
[36m[1mi  functions:[22m[39m creating Node.js 24 (1st Gen) function [1monUserCreated(us-central1)[22m...
[36m[1mi  functions:[22m[39m deleting Node.js 20 (1st Gen) function [1mdailyExpiryCheck(southamerica-east1)[22m...
[36m[1mi  functions:[22m[39m deleting Node.js 20 (1st Gen) function [1mdailyLowStockCheck(southamerica-east1)[22m...
[36m[1mi  functions:[22m[39m deleting Node.js 20 (1st Gen) function [1mapi(southamerica-east1)[22m...
Request to https://cloudscheduler.googleapis.com/v1/projects/meus-medicamentos-94500/locations/us-central1/jobs/firebase-schedule-dailyLowStockCheck-southamerica-east1 had HTTP Error: 404, Job not found.
Request to https://cloudscheduler.googleapis.com/v1/projects/meus-medicamentos-94500/locations/us-central1/jobs/firebase-schedule-dailyExpiryCheck-southamerica-east1 had HTTP Error: 404, Job not found.
[33m[1m! [22m[39m [1m[33mfunctions:[39m[22m Runtime "nodejs24" is not supported on GCF Gen1 for function projects/meus-medicamentos-94500/locations/us-central1/functions/onUserCreated
[33m[1m! [22m[39m [1m[33mfunctions:[39m[22m failed to create function projects/meus-medicamentos-94500/locations/us-central1/functions/onUserCreated
Failed to create function projects/meus-medicamentos-94500/locations/us-central1/functions/onUserCreated
[33m[1m!  functions:[22m[39m Request to https://cloudfunctions.googleapis.com/v2/projects/meus-medicamentos-94500/locations/southamerica-east1/functions?functionId=setAdmin had HTTP Error: 500, Could not create Cloud Run service setadmin. The service has encountered an internal error. Please try again later
[33m[1m!  functions:[22m[39m  failed to create function projects/meus-medicamentos-94500/locations/southamerica-east1/functions/setAdmin
Failed to create function projects/meus-medicamentos-94500/locations/southamerica-east1/functions/setAdmin
[32m[1m+ [22m[39m [1m[32mfunctions[api(southamerica-east1)][39m[22m Successful delete operation.
[32m[1m+ [22m[39m [1m[32mfunctions[joinFamilyByInviteCode(southamerica-east1)][39m[22m Successful create operation.
[32m[1m+ [22m[39m [1m[32mfunctions[approveUser(southamerica-east1)][39m[22m Successful create operation.

Functions deploy had errors with the following functions:
	setAdmin(southamerica-east1)
	dailyExpiryCheck(southamerica-east1)
	dailyLowStockCheck(southamerica-east1)
	onUserCreated(us-central1)
[33m[1m!  functions:[22m[39m No cleanup policy detected for repositories in southamerica-east1. This may result in a small monthly bill as container images accumulate over time.
[36m[1mi  functions:[22m[39m Configuring cleanup policy for repository in southamerica-east1. Images older than 1 days will be automatically deleted.
[36m[1mi  functions:[22m[39m Configured cleanup policy for repository in southamerica-east1.
[33m[1m!  functions:[22m[39m Failed to set up cleanup policy for repositories in region us-central1.This could result in a small monthly bill as container images accumulate over time.
[33m[1m!  functions:[22m[39m Functions successfully deployed but could not set up cleanup policy in region us-central1. Pass the --force option to automatically set up a cleanup policy or run 'firebase functions:artifacts:setpolicy' to set up a cleanup policy to automatically delete old images.
[1m[31mError:[39m[22m [4mThere was an error deploying functions[24m:
- [1mError[22m Failed to create function onUserCreated in region us-central1
- [1mError[22m Failed to delete schedule function dailyLowStockCheck in region southamerica-east1
- [1mError[22m Failed to delete schedule function dailyExpiryCheck in region southamerica-east1
- [1mError[22m Failed to create function setAdmin in region southamerica-east1
